<?xml version="1.0" encoding="UTF-8"?>
<testsuite xmlns:xsi="http://www.w3.org/2001/XMLSchema-instance" xsi:noNamespaceSchemaLocation="https://maven.apache.org/surefire/maven-surefire-plugin/xsd/surefire-test-report-3.0.xsd" version="3.0" name="TestSuite" time="29.733" tests="3" errors="0" skipped="0" failures="0">
  <properties>
    <property name="java.specification.version" value="16"/>
    <property name="webdriver.chrome.driver" value="C:/selenium1/Drivers/ChromeDriver/chromedriver.exe"/>
    <property name="sun.cpu.isalist" value="amd64"/>
    <property name="sun.jnu.encoding" value="Cp1254"/>
    <property name="java.class.path" value="C:\otomasyon-arabamcom\target\test-classes;C:\otomasyon-arabamcom\target\classes;C:\Users\ecenur.erengezgin\.m2\repository\io\github\bonigarcia\webdrivermanager\4.4.3\webdrivermanager-4.4.3.jar;C:\Users\ecenur.erengezgin\.m2\repository\org\slf4j\slf4j-api\1.7.30\slf4j-api-1.7.30.jar;C:\Users\ecenur.erengezgin\.m2\repository\commons-io\commons-io\2.8.0\commons-io-2.8.0.jar;C:\Users\ecenur.erengezgin\.m2\repository\com\google\code\gson\gson\2.8.6\gson-2.8.6.jar;C:\Users\ecenur.erengezgin\.m2\repository\org\apache\commons\commons-lang3\3.12.0\commons-lang3-3.12.0.jar;C:\Users\ecenur.erengezgin\.m2\repository\org\apache\httpcomponents\client5\httpclient5\5.0.3\httpclient5-5.0.3.jar;C:\Users\ecenur.erengezgin\.m2\repository\org\apache\httpcomponents\core5\httpcore5\5.0.2\httpcore5-5.0.2.jar;C:\Users\ecenur.erengezgin\.m2\repository\org\apache\httpcomponents\core5\httpcore5-h2\5.0.2\httpcore5-h2-5.0.2.jar;C:\Users\ecenur.erengezgin\.m2\repository\commons-codec\commons-codec\1.13\commons-codec-1.13.jar;C:\Users\ecenur.erengezgin\.m2\repository\org\rauschig\jarchivelib\1.1.0\jarchivelib-1.1.0.jar;C:\Users\ecenur.erengezgin\.m2\repository\org\apache\commons\commons-compress\1.20\commons-compress-1.20.jar;C:\Users\ecenur.erengezgin\.m2\repository\org\jsoup\jsoup\1.13.1\jsoup-1.13.1.jar;C:\Users\ecenur.erengezgin\.m2\repository\ru\yandex\qatools\allure\allure-cucumber-jvm-adaptor\1.6.4\allure-cucumber-jvm-adaptor-1.6.4.jar;C:\Users\ecenur.erengezgin\.m2\repository\ru\yandex\qatools\allure\allure-java-aspects\1.5.2\allure-java-aspects-1.5.2.jar;C:\Users\ecenur.erengezgin\.m2\repository\ru\yandex\qatools\allure\allure-java-adaptor-api\1.5.2\allure-java-adaptor-api-1.5.2.jar;C:\Users\ecenur.erengezgin\.m2\repository\ru\yandex\qatools\allure\allure-java-annotations\1.5.2\allure-java-annotations-1.5.2.jar;C:\Users\ecenur.erengezgin\.m2\repository\org\aspectj\aspectjrt\1.8.3\aspectjrt-1.8.3.jar;C:\Users\ecenur.erengezgin\.m2\repository\ru\yandex\qatools\allure\allure-commons\1.5.2\allure-commons-1.5.2.jar;C:\Users\ecenur.erengezgin\.m2\repository\ru\yandex\qatools\allure\allure-model\1.5.2\allure-model-1.5.2.jar;C:\Users\ecenur.erengezgin\.m2\repository\org\jvnet\jaxb2_commons\jaxb2-basics-runtime\0.9.3\jaxb2-basics-runtime-0.9.3.jar;C:\Users\ecenur.erengezgin\.m2\repository\ru\qatools\commons\properties\2.0.RC5\properties-2.0.RC5.jar;C:\Users\ecenur.erengezgin\.m2\repository\info\cukes\cucumber-junit\1.2.5\cucumber-junit-1.2.5.jar;C:\Users\ecenur.erengezgin\.m2\repository\info\cukes\cucumber-core\1.2.5\cucumber-core-1.2.5.jar;C:\Users\ecenur.erengezgin\.m2\repository\info\cukes\cucumber-html\0.2.3\cucumber-html-0.2.3.jar;C:\Users\ecenur.erengezgin\.m2\repository\info\cukes\cucumber-jvm-deps\1.0.5\cucumber-jvm-deps-1.0.5.jar;C:\Users\ecenur.erengezgin\.m2\repository\info\cukes\cucumber-java\1.2.5\cucumber-java-1.2.5.jar;C:\Users\ecenur.erengezgin\.m2\repository\info\cukes\gherkin\2.12.2\gherkin-2.12.2.jar;C:\Users\ecenur.erengezgin\.m2\repository\commons-logging\commons-logging-api\1.1\commons-logging-api-1.1.jar;C:\Users\ecenur.erengezgin\.m2\repository\io\qameta\allure\allure-cucumber4-jvm\2.14.0\allure-cucumber4-jvm-2.14.0.jar;C:\Users\ecenur.erengezgin\.m2\repository\io\qameta\allure\allure-java-commons\2.14.0\allure-java-commons-2.14.0.jar;C:\Users\ecenur.erengezgin\.m2\repository\io\qameta\allure\allure-model\2.14.0\allure-model-2.14.0.jar;C:\Users\ecenur.erengezgin\.m2\repository\com\fasterxml\jackson\core\jackson-databind\2.12.3\jackson-databind-2.12.3.jar;C:\Users\ecenur.erengezgin\.m2\repository\com\fasterxml\jackson\core\jackson-annotations\2.12.3\jackson-annotations-2.12.3.jar;C:\Users\ecenur.erengezgin\.m2\repository\com\fasterxml\jackson\core\jackson-core\2.12.3\jackson-core-2.12.3.jar;C:\Users\ecenur.erengezgin\.m2\repository\org\apache\tika\tika-core\1.26\tika-core-1.26.jar;C:\Users\ecenur.erengezgin\.m2\repository\javax\xml\bind\jaxb-api\2.3.1\jaxb-api-2.3.1.jar;C:\Users\ecenur.erengezgin\.m2\repository\javax\activation\javax.activation-api\1.2.0\javax.activation-api-1.2.0.jar;C:\Users\ecenur.erengezgin\.m2\repository\javax\activation\activation\1.1.1\activation-1.1.1.jar;C:\Users\ecenur.erengezgin\.m2\repository\org\jooq\joor-java-8\0.9.14\joor-java-8-0.9.14.jar;C:\Users\ecenur.erengezgin\.m2\repository\io\qameta\allure\allure-testng\2.14.0\allure-testng-2.14.0.jar;C:\Users\ecenur.erengezgin\.m2\repository\io\qameta\allure\allure-test-filter\2.14.0\allure-test-filter-2.14.0.jar;C:\Users\ecenur.erengezgin\.m2\repository\io\cucumber\cucumber-testng\6.10.4\cucumber-testng-6.10.4.jar;C:\Users\ecenur.erengezgin\.m2\repository\org\apiguardian\apiguardian-api\1.1.1\apiguardian-api-1.1.1.jar;C:\Users\ecenur.erengezgin\.m2\repository\io\cucumber\cucumber-picocontainer\6.10.4\cucumber-picocontainer-6.10.4.jar;C:\Users\ecenur.erengezgin\.m2\repository\org\picocontainer\picocontainer\2.15\picocontainer-2.15.jar;C:\Users\ecenur.erengezgin\.m2\repository\io\cucumber\cucumber-core\6.10.4\cucumber-core-6.10.4.jar;C:\Users\ecenur.erengezgin\.m2\repository\io\cucumber\cucumber-gherkin\6.10.4\cucumber-gherkin-6.10.4.jar;C:\Users\ecenur.erengezgin\.m2\repository\io\cucumber\cucumber-gherkin-messages\6.10.4\cucumber-gherkin-messages-6.10.4.jar;C:\Users\ecenur.erengezgin\.m2\repository\io\cucumber\messages\15.0.0\messages-15.0.0.jar;C:\Users\ecenur.erengezgin\.m2\repository\io\cucumber\tag-expressions\3.0.1\tag-expressions-3.0.1.jar;C:\Users\ecenur.erengezgin\.m2\repository\io\cucumber\cucumber-expressions\10.3.0\cucumber-expressions-10.3.0.jar;C:\Users\ecenur.erengezgin\.m2\repository\io\cucumber\datatable\3.5.0\datatable-3.5.0.jar;C:\Users\ecenur.erengezgin\.m2\repository\io\cucumber\cucumber-plugin\6.10.4\cucumber-plugin-6.10.4.jar;C:\Users\ecenur.erengezgin\.m2\repository\io\cucumber\docstring\6.10.4\docstring-6.10.4.jar;C:\Users\ecenur.erengezgin\.m2\repository\io\cucumber\html-formatter\13.0.0\html-formatter-13.0.0.jar;C:\Users\ecenur.erengezgin\.m2\repository\io\cucumber\create-meta\4.0.0\create-meta-4.0.0.jar;C:\Users\ecenur.erengezgin\.m2\repository\io\cucumber\cucumber-jvm-deps\1.0.6\cucumber-jvm-deps-1.0.6.jar;C:\Users\ecenur.erengezgin\.m2\repository\org\seleniumhq\selenium\selenium-java\3.141.59\selenium-java-3.141.59.jar;C:\Users\ecenur.erengezgin\.m2\repository\org\seleniumhq\selenium\selenium-api\3.141.59\selenium-api-3.141.59.jar;C:\Users\ecenur.erengezgin\.m2\repository\org\seleniumhq\selenium\selenium-chrome-driver\3.141.59\selenium-chrome-driver-3.141.59.jar;C:\Users\ecenur.erengezgin\.m2\repository\org\seleniumhq\selenium\selenium-edge-driver\3.141.59\selenium-edge-driver-3.141.59.jar;C:\Users\ecenur.erengezgin\.m2\repository\org\seleniumhq\selenium\selenium-firefox-driver\3.141.59\selenium-firefox-driver-3.141.59.jar;C:\Users\ecenur.erengezgin\.m2\repository\org\seleniumhq\selenium\selenium-ie-driver\3.141.59\selenium-ie-driver-3.141.59.jar;C:\Users\ecenur.erengezgin\.m2\repository\org\seleniumhq\selenium\selenium-opera-driver\3.141.59\selenium-opera-driver-3.141.59.jar;C:\Users\ecenur.erengezgin\.m2\repository\org\seleniumhq\selenium\selenium-remote-driver\3.141.59\selenium-remote-driver-3.141.59.jar;C:\Users\ecenur.erengezgin\.m2\repository\org\seleniumhq\selenium\selenium-safari-driver\3.141.59\selenium-safari-driver-3.141.59.jar;C:\Users\ecenur.erengezgin\.m2\repository\org\seleniumhq\selenium\selenium-support\3.141.59\selenium-support-3.141.59.jar;C:\Users\ecenur.erengezgin\.m2\repository\net\bytebuddy\byte-buddy\1.8.15\byte-buddy-1.8.15.jar;C:\Users\ecenur.erengezgin\.m2\repository\org\apache\commons\commons-exec\1.3\commons-exec-1.3.jar;C:\Users\ecenur.erengezgin\.m2\repository\com\google\guava\guava\25.0-jre\guava-25.0-jre.jar;C:\Users\ecenur.erengezgin\.m2\repository\com\google\code\findbugs\jsr305\1.3.9\jsr305-1.3.9.jar;C:\Users\ecenur.erengezgin\.m2\repository\org\checkerframework\checker-compat-qual\2.0.0\checker-compat-qual-2.0.0.jar;C:\Users\ecenur.erengezgin\.m2\repository\com\google\errorprone\error_prone_annotations\2.1.3\error_prone_annotations-2.1.3.jar;C:\Users\ecenur.erengezgin\.m2\repository\com\google\j2objc\j2objc-annotations\1.1\j2objc-annotations-1.1.jar;C:\Users\ecenur.erengezgin\.m2\repository\org\codehaus\mojo\animal-sniffer-annotations\1.14\animal-sniffer-annotations-1.14.jar;C:\Users\ecenur.erengezgin\.m2\repository\com\squareup\okhttp3\okhttp\3.11.0\okhttp-3.11.0.jar;C:\Users\ecenur.erengezgin\.m2\repository\com\squareup\okio\okio\1.14.0\okio-1.14.0.jar;C:\Users\ecenur.erengezgin\.m2\repository\io\rest-assured\rest-assured\4.4.0\rest-assured-4.4.0.jar;C:\Users\ecenur.erengezgin\.m2\repository\org\codehaus\groovy\groovy\3.0.8\groovy-3.0.8.jar;C:\Users\ecenur.erengezgin\.m2\repository\org\codehaus\groovy\groovy-xml\3.0.8\groovy-xml-3.0.8.jar;C:\Users\ecenur.erengezgin\.m2\repository\org\apache\httpcomponents\httpclient\4.5.13\httpclient-4.5.13.jar;C:\Users\ecenur.erengezgin\.m2\repository\org\apache\httpcomponents\httpcore\4.4.13\httpcore-4.4.13.jar;C:\Users\ecenur.erengezgin\.m2\repository\commons-logging\commons-logging\1.2\commons-logging-1.2.jar;C:\Users\ecenur.erengezgin\.m2\repository\org\apache\httpcomponents\httpmime\4.5.13\httpmime-4.5.13.jar;C:\Users\ecenur.erengezgin\.m2\repository\org\hamcrest\hamcrest\2.1\hamcrest-2.1.jar;C:\Users\ecenur.erengezgin\.m2\repository\org\ccil\cowan\tagsoup\tagsoup\1.2.1\tagsoup-1.2.1.jar;C:\Users\ecenur.erengezgin\.m2\repository\io\rest-assured\json-path\4.4.0\json-path-4.4.0.jar;C:\Users\ecenur.erengezgin\.m2\repository\org\codehaus\groovy\groovy-json\3.0.8\groovy-json-3.0.8.jar;C:\Users\ecenur.erengezgin\.m2\repository\io\rest-assured\rest-assured-common\4.4.0\rest-assured-common-4.4.0.jar;C:\Users\ecenur.erengezgin\.m2\repository\io\rest-assured\xml-path\4.4.0\xml-path-4.4.0.jar;C:\Users\ecenur.erengezgin\.m2\repository\jakarta\xml\bind\jakarta.xml.bind-api\2.3.3\jakarta.xml.bind-api-2.3.3.jar;C:\Users\ecenur.erengezgin\.m2\repository\jakarta\activation\jakarta.activation-api\1.2.2\jakarta.activation-api-1.2.2.jar;C:\Users\ecenur.erengezgin\.m2\repository\com\sun\xml\bind\jaxb-impl\2.3.3\jaxb-impl-2.3.3.jar;C:\Users\ecenur.erengezgin\.m2\repository\io\appium\java-client\7.5.1\java-client-7.5.1.jar;C:\Users\ecenur.erengezgin\.m2\repository\cglib\cglib\3.3.0\cglib-3.3.0.jar;C:\Users\ecenur.erengezgin\.m2\repository\org\ow2\asm\asm\7.1\asm-7.1.jar;C:\Users\ecenur.erengezgin\.m2\repository\commons-validator\commons-validator\1.7\commons-validator-1.7.jar;C:\Users\ecenur.erengezgin\.m2\repository\commons-beanutils\commons-beanutils\1.9.4\commons-beanutils-1.9.4.jar;C:\Users\ecenur.erengezgin\.m2\repository\commons-digester\commons-digester\2.1\commons-digester-2.1.jar;C:\Users\ecenur.erengezgin\.m2\repository\commons-collections\commons-collections\3.2.2\commons-collections-3.2.2.jar;C:\Users\ecenur.erengezgin\.m2\repository\org\springframework\spring-context\5.3.4\spring-context-5.3.4.jar;C:\Users\ecenur.erengezgin\.m2\repository\org\springframework\spring-aop\5.3.4\spring-aop-5.3.4.jar;C:\Users\ecenur.erengezgin\.m2\repository\org\springframework\spring-beans\5.3.4\spring-beans-5.3.4.jar;C:\Users\ecenur.erengezgin\.m2\repository\org\springframework\spring-core\5.3.4\spring-core-5.3.4.jar;C:\Users\ecenur.erengezgin\.m2\repository\org\springframework\spring-jcl\5.3.4\spring-jcl-5.3.4.jar;C:\Users\ecenur.erengezgin\.m2\repository\org\springframework\spring-expression\5.3.4\spring-expression-5.3.4.jar;C:\Users\ecenur.erengezgin\.m2\repository\org\aspectj\aspectjweaver\1.9.6\aspectjweaver-1.9.6.jar;C:\Users\ecenur.erengezgin\.m2\repository\org\testng\testng\7.4.0\testng-7.4.0.jar;C:\Users\ecenur.erengezgin\.m2\repository\com\beust\jcommander\1.78\jcommander-1.78.jar;C:\Users\ecenur.erengezgin\.m2\repository\org\webjars\jquery\3.5.1\jquery-3.5.1.jar;C:\Users\ecenur.erengezgin\.m2\repository\io\cucumber\cucumber-java\6.10.4\cucumber-java-6.10.4.jar;C:\Users\ecenur.erengezgin\.m2\repository\junit\junit\4.13.2\junit-4.13.2.jar;C:\Users\ecenur.erengezgin\.m2\repository\org\hamcrest\hamcrest-core\1.3\hamcrest-core-1.3.jar;"/>
    <property name="java.vm.vendor" value="Oracle Corporation"/>
    <property name="sun.arch.data.model" value="64"/>
    <property name="user.variant" value=""/>
    <property name="java.vendor.url" value="https://java.oracle.com/"/>
    <property name="user.timezone" value="Europe/Istanbul"/>
    <property name="os.name" value="Windows 10"/>
    <property name="java.vm.specification.version" value="16"/>
    <property name="sun.java.launcher" value="SUN_STANDARD"/>
    <property name="user.country" value="TR"/>
    <property name="sun.boot.library.path" value="C:\Program Files\Java\jdk-16\bin"/>
    <property name="sun.java.command" value="C:\Users\ecenur.erengezgin\AppData\Local\Temp\surefire11103764888726486855\surefirebooter17943210630548543553.jar C:\Users\ecenur.erengezgin\AppData\Local\Temp\surefire11103764888726486855 2021-06-02T16-35-39_923-jvmRun1 surefire4123795074049524646tmp surefire_03460173697422006294tmp"/>
    <property name="jdk.debug" value="release"/>
    <property name="surefire.test.class.path" value="C:\otomasyon-arabamcom\target\test-classes;C:\otomasyon-arabamcom\target\classes;C:\Users\ecenur.erengezgin\.m2\repository\io\github\bonigarcia\webdrivermanager\4.4.3\webdrivermanager-4.4.3.jar;C:\Users\ecenur.erengezgin\.m2\repository\org\slf4j\slf4j-api\1.7.30\slf4j-api-1.7.30.jar;C:\Users\ecenur.erengezgin\.m2\repository\commons-io\commons-io\2.8.0\commons-io-2.8.0.jar;C:\Users\ecenur.erengezgin\.m2\repository\com\google\code\gson\gson\2.8.6\gson-2.8.6.jar;C:\Users\ecenur.erengezgin\.m2\repository\org\apache\commons\commons-lang3\3.12.0\commons-lang3-3.12.0.jar;C:\Users\ecenur.erengezgin\.m2\repository\org\apache\httpcomponents\client5\httpclient5\5.0.3\httpclient5-5.0.3.jar;C:\Users\ecenur.erengezgin\.m2\repository\org\apache\httpcomponents\core5\httpcore5\5.0.2\httpcore5-5.0.2.jar;C:\Users\ecenur.erengezgin\.m2\repository\org\apache\httpcomponents\core5\httpcore5-h2\5.0.2\httpcore5-h2-5.0.2.jar;C:\Users\ecenur.erengezgin\.m2\repository\commons-codec\commons-codec\1.13\commons-codec-1.13.jar;C:\Users\ecenur.erengezgin\.m2\repository\org\rauschig\jarchivelib\1.1.0\jarchivelib-1.1.0.jar;C:\Users\ecenur.erengezgin\.m2\repository\org\apache\commons\commons-compress\1.20\commons-compress-1.20.jar;C:\Users\ecenur.erengezgin\.m2\repository\org\jsoup\jsoup\1.13.1\jsoup-1.13.1.jar;C:\Users\ecenur.erengezgin\.m2\repository\ru\yandex\qatools\allure\allure-cucumber-jvm-adaptor\1.6.4\allure-cucumber-jvm-adaptor-1.6.4.jar;C:\Users\ecenur.erengezgin\.m2\repository\ru\yandex\qatools\allure\allure-java-aspects\1.5.2\allure-java-aspects-1.5.2.jar;C:\Users\ecenur.erengezgin\.m2\repository\ru\yandex\qatools\allure\allure-java-adaptor-api\1.5.2\allure-java-adaptor-api-1.5.2.jar;C:\Users\ecenur.erengezgin\.m2\repository\ru\yandex\qatools\allure\allure-java-annotations\1.5.2\allure-java-annotations-1.5.2.jar;C:\Users\ecenur.erengezgin\.m2\repository\org\aspectj\aspectjrt\1.8.3\aspectjrt-1.8.3.jar;C:\Users\ecenur.erengezgin\.m2\repository\ru\yandex\qatools\allure\allure-commons\1.5.2\allure-commons-1.5.2.jar;C:\Users\ecenur.erengezgin\.m2\repository\ru\yandex\qatools\allure\allure-model\1.5.2\allure-model-1.5.2.jar;C:\Users\ecenur.erengezgin\.m2\repository\org\jvnet\jaxb2_commons\jaxb2-basics-runtime\0.9.3\jaxb2-basics-runtime-0.9.3.jar;C:\Users\ecenur.erengezgin\.m2\repository\ru\qatools\commons\properties\2.0.RC5\properties-2.0.RC5.jar;C:\Users\ecenur.erengezgin\.m2\repository\info\cukes\cucumber-junit\1.2.5\cucumber-junit-1.2.5.jar;C:\Users\ecenur.erengezgin\.m2\repository\info\cukes\cucumber-core\1.2.5\cucumber-core-1.2.5.jar;C:\Users\ecenur.erengezgin\.m2\repository\info\cukes\cucumber-html\0.2.3\cucumber-html-0.2.3.jar;C:\Users\ecenur.erengezgin\.m2\repository\info\cukes\cucumber-jvm-deps\1.0.5\cucumber-jvm-deps-1.0.5.jar;C:\Users\ecenur.erengezgin\.m2\repository\info\cukes\cucumber-java\1.2.5\cucumber-java-1.2.5.jar;C:\Users\ecenur.erengezgin\.m2\repository\info\cukes\gherkin\2.12.2\gherkin-2.12.2.jar;C:\Users\ecenur.erengezgin\.m2\repository\commons-logging\commons-logging-api\1.1\commons-logging-api-1.1.jar;C:\Users\ecenur.erengezgin\.m2\repository\io\qameta\allure\allure-cucumber4-jvm\2.14.0\allure-cucumber4-jvm-2.14.0.jar;C:\Users\ecenur.erengezgin\.m2\repository\io\qameta\allure\allure-java-commons\2.14.0\allure-java-commons-2.14.0.jar;C:\Users\ecenur.erengezgin\.m2\repository\io\qameta\allure\allure-model\2.14.0\allure-model-2.14.0.jar;C:\Users\ecenur.erengezgin\.m2\repository\com\fasterxml\jackson\core\jackson-databind\2.12.3\jackson-databind-2.12.3.jar;C:\Users\ecenur.erengezgin\.m2\repository\com\fasterxml\jackson\core\jackson-annotations\2.12.3\jackson-annotations-2.12.3.jar;C:\Users\ecenur.erengezgin\.m2\repository\com\fasterxml\jackson\core\jackson-core\2.12.3\jackson-core-2.12.3.jar;C:\Users\ecenur.erengezgin\.m2\repository\org\apache\tika\tika-core\1.26\tika-core-1.26.jar;C:\Users\ecenur.erengezgin\.m2\repository\javax\xml\bind\jaxb-api\2.3.1\jaxb-api-2.3.1.jar;C:\Users\ecenur.erengezgin\.m2\repository\javax\activation\javax.activation-api\1.2.0\javax.activation-api-1.2.0.jar;C:\Users\ecenur.erengezgin\.m2\repository\javax\activation\activation\1.1.1\activation-1.1.1.jar;C:\Users\ecenur.erengezgin\.m2\repository\org\jooq\joor-java-8\0.9.14\joor-java-8-0.9.14.jar;C:\Users\ecenur.erengezgin\.m2\repository\io\qameta\allure\allure-testng\2.14.0\allure-testng-2.14.0.jar;C:\Users\ecenur.erengezgin\.m2\repository\io\qameta\allure\allure-test-filter\2.14.0\allure-test-filter-2.14.0.jar;C:\Users\ecenur.erengezgin\.m2\repository\io\cucumber\cucumber-testng\6.10.4\cucumber-testng-6.10.4.jar;C:\Users\ecenur.erengezgin\.m2\repository\org\apiguardian\apiguardian-api\1.1.1\apiguardian-api-1.1.1.jar;C:\Users\ecenur.erengezgin\.m2\repository\io\cucumber\cucumber-picocontainer\6.10.4\cucumber-picocontainer-6.10.4.jar;C:\Users\ecenur.erengezgin\.m2\repository\org\picocontainer\picocontainer\2.15\picocontainer-2.15.jar;C:\Users\ecenur.erengezgin\.m2\repository\io\cucumber\cucumber-core\6.10.4\cucumber-core-6.10.4.jar;C:\Users\ecenur.erengezgin\.m2\repository\io\cucumber\cucumber-gherkin\6.10.4\cucumber-gherkin-6.10.4.jar;C:\Users\ecenur.erengezgin\.m2\repository\io\cucumber\cucumber-gherkin-messages\6.10.4\cucumber-gherkin-messages-6.10.4.jar;C:\Users\ecenur.erengezgin\.m2\repository\io\cucumber\messages\15.0.0\messages-15.0.0.jar;C:\Users\ecenur.erengezgin\.m2\repository\io\cucumber\tag-expressions\3.0.1\tag-expressions-3.0.1.jar;C:\Users\ecenur.erengezgin\.m2\repository\io\cucumber\cucumber-expressions\10.3.0\cucumber-expressions-10.3.0.jar;C:\Users\ecenur.erengezgin\.m2\repository\io\cucumber\datatable\3.5.0\datatable-3.5.0.jar;C:\Users\ecenur.erengezgin\.m2\repository\io\cucumber\cucumber-plugin\6.10.4\cucumber-plugin-6.10.4.jar;C:\Users\ecenur.erengezgin\.m2\repository\io\cucumber\docstring\6.10.4\docstring-6.10.4.jar;C:\Users\ecenur.erengezgin\.m2\repository\io\cucumber\html-formatter\13.0.0\html-formatter-13.0.0.jar;C:\Users\ecenur.erengezgin\.m2\repository\io\cucumber\create-meta\4.0.0\create-meta-4.0.0.jar;C:\Users\ecenur.erengezgin\.m2\repository\io\cucumber\cucumber-jvm-deps\1.0.6\cucumber-jvm-deps-1.0.6.jar;C:\Users\ecenur.erengezgin\.m2\repository\org\seleniumhq\selenium\selenium-java\3.141.59\selenium-java-3.141.59.jar;C:\Users\ecenur.erengezgin\.m2\repository\org\seleniumhq\selenium\selenium-api\3.141.59\selenium-api-3.141.59.jar;C:\Users\ecenur.erengezgin\.m2\repository\org\seleniumhq\selenium\selenium-chrome-driver\3.141.59\selenium-chrome-driver-3.141.59.jar;C:\Users\ecenur.erengezgin\.m2\repository\org\seleniumhq\selenium\selenium-edge-driver\3.141.59\selenium-edge-driver-3.141.59.jar;C:\Users\ecenur.erengezgin\.m2\repository\org\seleniumhq\selenium\selenium-firefox-driver\3.141.59\selenium-firefox-driver-3.141.59.jar;C:\Users\ecenur.erengezgin\.m2\repository\org\seleniumhq\selenium\selenium-ie-driver\3.141.59\selenium-ie-driver-3.141.59.jar;C:\Users\ecenur.erengezgin\.m2\repository\org\seleniumhq\selenium\selenium-opera-driver\3.141.59\selenium-opera-driver-3.141.59.jar;C:\Users\ecenur.erengezgin\.m2\repository\org\seleniumhq\selenium\selenium-remote-driver\3.141.59\selenium-remote-driver-3.141.59.jar;C:\Users\ecenur.erengezgin\.m2\repository\org\seleniumhq\selenium\selenium-safari-driver\3.141.59\selenium-safari-driver-3.141.59.jar;C:\Users\ecenur.erengezgin\.m2\repository\org\seleniumhq\selenium\selenium-support\3.141.59\selenium-support-3.141.59.jar;C:\Users\ecenur.erengezgin\.m2\repository\net\bytebuddy\byte-buddy\1.8.15\byte-buddy-1.8.15.jar;C:\Users\ecenur.erengezgin\.m2\repository\org\apache\commons\commons-exec\1.3\commons-exec-1.3.jar;C:\Users\ecenur.erengezgin\.m2\repository\com\google\guava\guava\25.0-jre\guava-25.0-jre.jar;C:\Users\ecenur.erengezgin\.m2\repository\com\google\code\findbugs\jsr305\1.3.9\jsr305-1.3.9.jar;C:\Users\ecenur.erengezgin\.m2\repository\org\checkerframework\checker-compat-qual\2.0.0\checker-compat-qual-2.0.0.jar;C:\Users\ecenur.erengezgin\.m2\repository\com\google\errorprone\error_prone_annotations\2.1.3\error_prone_annotations-2.1.3.jar;C:\Users\ecenur.erengezgin\.m2\repository\com\google\j2objc\j2objc-annotations\1.1\j2objc-annotations-1.1.jar;C:\Users\ecenur.erengezgin\.m2\repository\org\codehaus\mojo\animal-sniffer-annotations\1.14\animal-sniffer-annotations-1.14.jar;C:\Users\ecenur.erengezgin\.m2\repository\com\squareup\okhttp3\okhttp\3.11.0\okhttp-3.11.0.jar;C:\Users\ecenur.erengezgin\.m2\repository\com\squareup\okio\okio\1.14.0\okio-1.14.0.jar;C:\Users\ecenur.erengezgin\.m2\repository\io\rest-assured\rest-assured\4.4.0\rest-assured-4.4.0.jar;C:\Users\ecenur.erengezgin\.m2\repository\org\codehaus\groovy\groovy\3.0.8\groovy-3.0.8.jar;C:\Users\ecenur.erengezgin\.m2\repository\org\codehaus\groovy\groovy-xml\3.0.8\groovy-xml-3.0.8.jar;C:\Users\ecenur.erengezgin\.m2\repository\org\apache\httpcomponents\httpclient\4.5.13\httpclient-4.5.13.jar;C:\Users\ecenur.erengezgin\.m2\repository\org\apache\httpcomponents\httpcore\4.4.13\httpcore-4.4.13.jar;C:\Users\ecenur.erengezgin\.m2\repository\commons-logging\commons-logging\1.2\commons-logging-1.2.jar;C:\Users\ecenur.erengezgin\.m2\repository\org\apache\httpcomponents\httpmime\4.5.13\httpmime-4.5.13.jar;C:\Users\ecenur.erengezgin\.m2\repository\org\hamcrest\hamcrest\2.1\hamcrest-2.1.jar;C:\Users\ecenur.erengezgin\.m2\repository\org\ccil\cowan\tagsoup\tagsoup\1.2.1\tagsoup-1.2.1.jar;C:\Users\ecenur.erengezgin\.m2\repository\io\rest-assured\json-path\4.4.0\json-path-4.4.0.jar;C:\Users\ecenur.erengezgin\.m2\repository\org\codehaus\groovy\groovy-json\3.0.8\groovy-json-3.0.8.jar;C:\Users\ecenur.erengezgin\.m2\repository\io\rest-assured\rest-assured-common\4.4.0\rest-assured-common-4.4.0.jar;C:\Users\ecenur.erengezgin\.m2\repository\io\rest-assured\xml-path\4.4.0\xml-path-4.4.0.jar;C:\Users\ecenur.erengezgin\.m2\repository\jakarta\xml\bind\jakarta.xml.bind-api\2.3.3\jakarta.xml.bind-api-2.3.3.jar;C:\Users\ecenur.erengezgin\.m2\repository\jakarta\activation\jakarta.activation-api\1.2.2\jakarta.activation-api-1.2.2.jar;C:\Users\ecenur.erengezgin\.m2\repository\com\sun\xml\bind\jaxb-impl\2.3.3\jaxb-impl-2.3.3.jar;C:\Users\ecenur.erengezgin\.m2\repository\io\appium\java-client\7.5.1\java-client-7.5.1.jar;C:\Users\ecenur.erengezgin\.m2\repository\cglib\cglib\3.3.0\cglib-3.3.0.jar;C:\Users\ecenur.erengezgin\.m2\repository\org\ow2\asm\asm\7.1\asm-7.1.jar;C:\Users\ecenur.erengezgin\.m2\repository\commons-validator\commons-validator\1.7\commons-validator-1.7.jar;C:\Users\ecenur.erengezgin\.m2\repository\commons-beanutils\commons-beanutils\1.9.4\commons-beanutils-1.9.4.jar;C:\Users\ecenur.erengezgin\.m2\repository\commons-digester\commons-digester\2.1\commons-digester-2.1.jar;C:\Users\ecenur.erengezgin\.m2\repository\commons-collections\commons-collections\3.2.2\commons-collections-3.2.2.jar;C:\Users\ecenur.erengezgin\.m2\repository\org\springframework\spring-context\5.3.4\spring-context-5.3.4.jar;C:\Users\ecenur.erengezgin\.m2\repository\org\springframework\spring-aop\5.3.4\spring-aop-5.3.4.jar;C:\Users\ecenur.erengezgin\.m2\repository\org\springframework\spring-beans\5.3.4\spring-beans-5.3.4.jar;C:\Users\ecenur.erengezgin\.m2\repository\org\springframework\spring-core\5.3.4\spring-core-5.3.4.jar;C:\Users\ecenur.erengezgin\.m2\repository\org\springframework\spring-jcl\5.3.4\spring-jcl-5.3.4.jar;C:\Users\ecenur.erengezgin\.m2\repository\org\springframework\spring-expression\5.3.4\spring-expression-5.3.4.jar;C:\Users\ecenur.erengezgin\.m2\repository\org\aspectj\aspectjweaver\1.9.6\aspectjweaver-1.9.6.jar;C:\Users\ecenur.erengezgin\.m2\repository\org\testng\testng\7.4.0\testng-7.4.0.jar;C:\Users\ecenur.erengezgin\.m2\repository\com\beust\jcommander\1.78\jcommander-1.78.jar;C:\Users\ecenur.erengezgin\.m2\repository\org\webjars\jquery\3.5.1\jquery-3.5.1.jar;C:\Users\ecenur.erengezgin\.m2\repository\io\cucumber\cucumber-java\6.10.4\cucumber-java-6.10.4.jar;C:\Users\ecenur.erengezgin\.m2\repository\junit\junit\4.13.2\junit-4.13.2.jar;C:\Users\ecenur.erengezgin\.m2\repository\org\hamcrest\hamcrest-core\1.3\hamcrest-core-1.3.jar;"/>
    <property name="sun.cpu.endian" value="little"/>
    <property name="user.home" value="C:\Users\ecenur.erengezgin"/>
    <property name="user.language" value="tr"/>
    <property name="java.specification.vendor" value="Oracle Corporation"/>
    <property name="java.version.date" value="2021-03-16"/>
    <property name="java.home" value="C:\Program Files\Java\jdk-16"/>
    <property name="file.separator" value="\"/>
    <property name="basedir" value="C:\otomasyon-arabamcom"/>
    <property name="java.vm.compressedOopsMode" value="32-bit"/>
    <property name="line.separator" value="&#10;"/>
    <property name="java.vm.specification.vendor" value="Oracle Corporation"/>
    <property name="java.specification.name" value="Java Platform API Specification"/>
    <property name="surefire.real.class.path" value="C:\Users\ecenur.erengezgin\AppData\Local\Temp\surefire11103764888726486855\surefirebooter17943210630548543553.jar"/>
    <property name="user.script" value=""/>
    <property name="sun.management.compiler" value="HotSpot 64-Bit Tiered Compilers"/>
    <property name="java.runtime.version" value="16+36-2231"/>
    <property name="user.name" value="ecenur.erengezgin"/>
    <property name="path.separator" value=";"/>
    <property name="os.version" value="10.0"/>
    <property name="java.runtime.name" value="Java(TM) SE Runtime Environment"/>
    <property name="file.encoding" value="Cp1254"/>
    <property name="java.vm.name" value="Java HotSpot(TM) 64-Bit Server VM"/>
    <property name="localRepository" value="C:\Users\ecenur.erengezgin\.m2\repository"/>
    <property name="cucumber.options" value="--plugin io.qameta.allure.cucumber4jvm.AllureCucumber4Jvm"/>
    <property name="java.vendor.url.bug" value="https://bugreport.java.com/bugreport/"/>
    <property name="java.io.tmpdir" value="C:\Users\ECENUR~1.ERE\AppData\Local\Temp\"/>
    <property name="java.version" value="16"/>
    <property name="user.dir" value="C:\otomasyon-arabamcom"/>
    <property name="os.arch" value="amd64"/>
    <property name="java.vm.specification.name" value="Java Virtual Machine Specification"/>
    <property name="sun.os.patch.level" value=""/>
    <property name="java.library.path" value="C:\Program Files\Java\jdk-16\bin;C:\Windows\Sun\Java\bin;C:\Windows\system32;C:\Windows;C:\Program Files\Common Files\Oracle\Java\javapath;C:\Program Files (x86)\Common Files\Oracle\Java\javapath;C:\Windows\system32;C:\Windows;C:\Windows\System32\Wbem;C:\Windows\System32\WindowsPowerShell\v1.0\;C:\Windows\System32\OpenSSH\;C:\Program Files (x86)\Microsoft SQL Server\Client SDK\ODBC\130\Tools\Binn\;C:\Program Files (x86)\Microsoft SQL Server\140\Tools\Binn\;C:\Program Files (x86)\Microsoft SQL Server\140\DTS\Binn\;C:\Program Files (x86)\Microsoft SQL Server\140\Tools\Binn\ManagementStudio\;C:\Program Files\Git\cmd;C:\Program Files\nodejs\;C:\Program Files\Docker\Docker\resources\bin;C:\ProgramData\DockerDesktop\version-bin;C:\Program Files\allure-2.13.9\bin;C:\Program Files\Java\jdk-16\bin;C:\Program Files\apache-maven-3.8.1-bin (2)\apache-maven-3.8.1\bin;C:\Users\ecenur.erengezgin\AppData\Local\Programs\Python\Python39\Scripts\;C:\Users\ecenur.erengezgin\AppData\Local\Programs\Python\Python39\;C:\Users\ecenur.erengezgin\AppData\Local\Microsoft\WindowsApps;C:\Users\ecenur.erengezgin\AppData\Local\Programs\Microsoft VS Code\bin;C:\Users\ecenur.erengezgin\AppData\Roaming\npm;C:\Users\ecenur.erengezgin\Desktop;C:\Program Files\JetBrains\PyCharm Community Edition 2020.3.2\bin;;C:\Users\ecenur.erengezgin\AppData\Local\GitHubDesktop\bin;."/>
    <property name="java.vm.info" value="mixed mode, sharing"/>
    <property name="java.vendor" value="Oracle Corporation"/>
    <property name="java.vm.version" value="16+36-2231"/>
    <property name="sun.io.unicode.encoding" value="UnicodeLittle"/>
    <property name="java.class.version" value="60.0"/>
  </properties>
  <testcase name="runScenario[&quot;Header Basarili Uyelik Ol&quot;, &quot;Optional[Website Header Sign-up Feature]&quot;](1)" classname="Runner.SignUpTestRunner" time="13.093">
    <system-out><![CDATA[
@SignUp
Scenario: Header Basarili Uyelik Ol                                                            &amp#27;[90m# src/test/java/Features/SignUp.feature:4&amp#27;[0m
Header Basarili Uyelik Ol
PASSED
  &amp#27;[32mWhen &amp#27;[0m&amp#27;[32muye ol hyperlink tikla&amp#27;[0m                                                                  &amp#27;[90m# Steps.SignUpStep.uye_ol_hyperlink_tikla()&amp#27;[0m
  &amp#27;[32mThen &amp#27;[0m&amp#27;[32msayfanin title "&amp#27;[0m&amp#27;[32m&amp#27;[1mÃœye Ol&amp#27;[0m&amp#27;[32m" ve url "&amp#27;[0m&amp#27;[32m&amp#27;[1mhttps://www.arabam.com/uye-ol?returnUrl=%2F&amp#27;[0m&amp#27;[32m" kontrol et&amp#27;[0m &amp#27;[90m# Steps.SignUpStep.sayfanin_title_something_ve_url_something_kontrol_et(java.lang.String,java.lang.String)&amp#27;[0m
  &amp#27;[32mAnd &amp#27;[0m&amp#27;[32mkullanici ad "&amp#27;[0m&amp#27;[32m&amp#27;[1mtestadi&amp#27;[0m&amp#27;[32m" gir&amp#27;[0m                                                               &amp#27;[90m# Steps.SignUpStep.kullanici_ad_something_gir(java.lang.String)&amp#27;[0m
  &amp#27;[32mAnd &amp#27;[0m&amp#27;[32mkullanici soyad "&amp#27;[0m&amp#27;[32m&amp#27;[1mtestsoyadi&amp#27;[0m&amp#27;[32m" gir&amp#27;[0m                                                         &amp#27;[90m# Steps.SignUpStep.kullanici_soyad_something_gir(java.lang.String)&amp#27;[0m
  &amp#27;[32mAnd &amp#27;[0m&amp#27;[32mkullanici email "&amp#27;[0m&amp#27;[32m&amp#27;[1mtestarabam@c.com&amp#27;[0m&amp#27;[32m" gir&amp#27;[0m                                                   &amp#27;[90m# Steps.SignUpStep.kullanici_email_something_gir(java.lang.String)&amp#27;[0m
  &amp#27;[32mAnd &amp#27;[0m&amp#27;[32mkullanici sifre "&amp#27;[0m&amp#27;[32m&amp#27;[1mqaz123&amp#27;[0m&amp#27;[32m" gir&amp#27;[0m                                                             &amp#27;[90m# Steps.SignUpStep.kullanici_sifre_something_gir(java.lang.String)&amp#27;[0m
  &amp#27;[32mAnd &amp#27;[0m&amp#27;[32mkullanici tekrar sifre "&amp#27;[0m&amp#27;[32m&amp#27;[1mqaz123&amp#27;[0m&amp#27;[32m" gir&amp#27;[0m                                                      &amp#27;[90m# Steps.SignUpStep.kullanici_tekrar_sifre_something_gir(java.lang.String)&amp#27;[0m
  &amp#27;[32mAnd &amp#27;[0m&amp#27;[32mKvk checkbox tikla&amp#27;[0m                                                                       &amp#27;[90m# Steps.SignUpStep.kvk_checkbox_tikla()&amp#27;[0m
  &amp#27;[32mAnd &amp#27;[0m&amp#27;[32msozleÅŸme checkbox tikla&amp#27;[0m                                                                  &amp#27;[90m# Steps.SignUpStep.sozleme_checkbox_tikla()&amp#27;[0m
]]></system-out>
    <system-err><![CDATA[SLF4J: Failed to load class "org.slf4j.impl.StaticLoggerBinder".
SLF4J: Defaulting to no-operation (NOP) logger implementation
SLF4J: See http://www.slf4j.org/codes.html#StaticLoggerBinder for further details.
Starting ChromeDriver 90.0.4430.24 (4c6d850f087da467d926e8eddb76550aed655991-refs/branch-heads/4430@{#429}) on port 19080
Only local connections are allowed.
Please see https://chromedriver.chromium.org/security-considerations for suggestions on keeping ChromeDriver safe.
ChromeDriver was started successfully.
[1622640947.429][WARNING]: This version of ChromeDriver has not been tested with Chrome version 91.
Haz 02, 2021 4:35:47 ÖS org.openqa.selenium.remote.ProtocolHandshake createSession
INFO: Detected dialect: W3C
]]></system-err>
  </testcase>
  <testcase name="runScenario[&quot;Header Basarili login&quot;, &quot;Optional[Website Header Login Feature]&quot;](1)" classname="Runner.LoginTestRunner" time="5.98">
    <system-out><![CDATA[
@Login
Scenario Outline: Header Basarili login               &amp#27;[90m# src/test/java/Features/Login.feature:14&amp#27;[0m
Header Basarili login
PASSED
  &amp#27;[32mGiven &amp#27;[0m&amp#27;[32mBrowser anasayfa kal&amp#27;[0m                          &amp#27;[90m# Steps.LoginStep.browser_anasayfa_kal()&amp#27;[0m
  &amp#27;[32mWhen &amp#27;[0m&amp#27;[32mgiris yap hyperlink tikla&amp#27;[0m                      &amp#27;[90m# Steps.LoginStep.giris_yap_hyperlink_tikla()&amp#27;[0m
  &amp#27;[32mThen &amp#27;[0m&amp#27;[32msayfanin title ve url kontrol et&amp#27;[0m               &amp#27;[90m# Steps.LoginStep.sayfanin_title_kontrol_et()&amp#27;[0m
  &amp#27;[32mAnd &amp#27;[0m&amp#27;[32mkullanici bilgisi "&amp#27;[0m&amp#27;[32m&amp#27;[1mhabermerkezi@arabam.com&amp#27;[0m&amp#27;[32m" gir&amp#27;[0m &amp#27;[90m# Steps.LoginStep.kullanici_bilgisi_something_gir(java.lang.String)&amp#27;[0m
  &amp#27;[32mAnd &amp#27;[0m&amp#27;[32mkullanici password "&amp#27;[0m&amp#27;[32m&amp#27;[1mArb921!35&amp#27;[0m&amp#27;[32m" gir&amp#27;[0m              &amp#27;[90m# Steps.LoginStep.kullanici_password_something_gir(java.lang.String)&amp#27;[0m
  &amp#27;[32mAnd &amp#27;[0m&amp#27;[32mbeni hatirla checkbox tikla&amp#27;[0m                     &amp#27;[90m# Steps.LoginStep.beni_hatirla_checkbox_tikla()&amp#27;[0m
]]></system-out>
    <system-err><![CDATA[&amp#27;[32m&amp#27;[1m┌───────────────────────────────────────────────────────────────────────────────────┐&amp#27;[0m
&amp#27;[32m&amp#27;[1m│&amp#27;[0m Share your Cucumber Report with your team at &amp#27;[36m&amp#27;[1m&amp#27;[4mhttps://reports.cucumber.io&amp#27;[0m          &amp#27;[32m&amp#27;[1m│&amp#27;[0m
&amp#27;[32m&amp#27;[1m│&amp#27;[0m Activate publishing with one of the following:                                    &amp#27;[32m&amp#27;[1m│&amp#27;[0m
&amp#27;[32m&amp#27;[1m│&amp#27;[0m                                                                                   &amp#27;[32m&amp#27;[1m│&amp#27;[0m
&amp#27;[32m&amp#27;[1m│&amp#27;[0m src/test/resources/cucumber.properties:          &amp#27;[36mcucumber.publish.enabled&amp#27;[0m=&amp#27;[36mtrue&amp#27;[0m    &amp#27;[32m&amp#27;[1m│&amp#27;[0m
&amp#27;[32m&amp#27;[1m│&amp#27;[0m src/test/resources/junit-platform.properties:    &amp#27;[36mcucumber.publish.enabled&amp#27;[0m=&amp#27;[36mtrue&amp#27;[0m    &amp#27;[32m&amp#27;[1m│&amp#27;[0m
&amp#27;[32m&amp#27;[1m│&amp#27;[0m Environment variable:                            &amp#27;[36mCUCUMBER_PUBLİSH_ENABLED&amp#27;[0m=&amp#27;[36mtrue&amp#27;[0m    &amp#27;[32m&amp#27;[1m│&amp#27;[0m
&amp#27;[32m&amp#27;[1m│&amp#27;[0m JUnit:                                           &amp#27;[36m@CucumberOptions&amp#27;[0m(publish = &amp#27;[36mtrue&amp#27;[0m) &amp#27;[32m&amp#27;[1m│&amp#27;[0m
&amp#27;[32m&amp#27;[1m│&amp#27;[0m                                                                                   &amp#27;[32m&amp#27;[1m│&amp#27;[0m
&amp#27;[32m&amp#27;[1m│&amp#27;[0m More information at &amp#27;[36mhttps://reports.cucumber.io/docs/cucumber-jvm&amp#27;[0m                 &amp#27;[32m&amp#27;[1m│&amp#27;[0m
&amp#27;[32m&amp#27;[1m│&amp#27;[0m                                                                                   &amp#27;[32m&amp#27;[1m│&amp#27;[0m
&amp#27;[32m&amp#27;[1m│&amp#27;[0m Disable this message with one of the following:                                   &amp#27;[32m&amp#27;[1m│&amp#27;[0m
&amp#27;[32m&amp#27;[1m│&amp#27;[0m                                                                                   &amp#27;[32m&amp#27;[1m│&amp#27;[0m
&amp#27;[32m&amp#27;[1m│&amp#27;[0m src/test/resources/cucumber.properties:          &amp#27;[36mcucumber.publish.quiet&amp#27;[0m=&amp#27;[36mtrue&amp#27;[0m      &amp#27;[32m&amp#27;[1m│&amp#27;[0m
&amp#27;[32m&amp#27;[1m│&amp#27;[0m src/test/resources/junit-platform.properties:    &amp#27;[36mcucumber.publish.quiet&amp#27;[0m=&amp#27;[36mtrue&amp#27;[0m      &amp#27;[32m&amp#27;[1m│&amp#27;[0m
&amp#27;[32m&amp#27;[1m└───────────────────────────────────────────────────────────────────────────────────┘&amp#27;[0m
Starting ChromeDriver 90.0.4430.24 (4c6d850f087da467d926e8eddb76550aed655991-refs/branch-heads/4430@{#429}) on port 38552
Only local connections are allowed.
Please see https://chromedriver.chromium.org/security-considerations for suggestions on keeping ChromeDriver safe.
ChromeDriver was started successfully.
[1622640958.872][WARNING]: This version of ChromeDriver has not been tested with Chrome version 91.
Haz 02, 2021 4:35:58 ÖS org.openqa.selenium.remote.ProtocolHandshake createSession
INFO: Detected dialect: W3C
]]></system-err>
  </testcase>
  <testcase name="runScenario[&quot;Header Basarili login&quot;, &quot;Optional[Website Header Login Feature]&quot;](2)" classname="Runner.LoginTestRunner" time="6.273">
    <system-out><![CDATA[
@Login
Scenario Outline: Header Basarili login  &amp#27;[90m# src/test/java/Features/Login.feature:15&amp#27;[0m
Header Basarili login
PASSED
  &amp#27;[32mGiven &amp#27;[0m&amp#27;[32mBrowser anasayfa kal&amp#27;[0m             &amp#27;[90m# Steps.LoginStep.browser_anasayfa_kal()&amp#27;[0m
  &amp#27;[32mWhen &amp#27;[0m&amp#27;[32mgiris yap hyperlink tikla&amp#27;[0m         &amp#27;[90m# Steps.LoginStep.giris_yap_hyperlink_tikla()&amp#27;[0m
  &amp#27;[32mThen &amp#27;[0m&amp#27;[32msayfanin title ve url kontrol et&amp#27;[0m  &amp#27;[90m# Steps.LoginStep.sayfanin_title_kontrol_et()&amp#27;[0m
  &amp#27;[32mAnd &amp#27;[0m&amp#27;[32mkullanici bilgisi "&amp#27;[0m&amp#27;[32m&amp#27;[1m5078107815&amp#27;[0m&amp#27;[32m" gir&amp#27;[0m &amp#27;[90m# Steps.LoginStep.kullanici_bilgisi_something_gir(java.lang.String)&amp#27;[0m
  &amp#27;[32mAnd &amp#27;[0m&amp#27;[32mkullanici password "&amp#27;[0m&amp#27;[32m&amp#27;[1mqaz1234!&amp#27;[0m&amp#27;[32m" gir&amp#27;[0m  &amp#27;[90m# Steps.LoginStep.kullanici_password_something_gir(java.lang.String)&amp#27;[0m
  &amp#27;[32mAnd &amp#27;[0m&amp#27;[32mbeni hatirla checkbox tikla&amp#27;[0m        &amp#27;[90m# Steps.LoginStep.beni_hatirla_checkbox_tikla()&amp#27;[0m
]]></system-out>
    <system-err><![CDATA[Starting ChromeDriver 90.0.4430.24 (4c6d850f087da467d926e8eddb76550aed655991-refs/branch-heads/4430@{#429}) on port 13881
Only local connections are allowed.
Please see https://chromedriver.chromium.org/security-considerations for suggestions on keeping ChromeDriver safe.
ChromeDriver was started successfully.
[1622640965.088][WARNING]: This version of ChromeDriver has not been tested with Chrome version 91.
Haz 02, 2021 4:36:05 ÖS org.openqa.selenium.remote.ProtocolHandshake createSession
INFO: Detected dialect: W3C
]]></system-err>
  </testcase>
</testsuite>