<?xml version="1.0" encoding="UTF-8"?>
<!-- Generated by org.testng.reporters.JUnitReportReporter -->
<testsuite hostname="ecenurerengezgin_nb" failures="0" tests="2" name="Runner.LoginTestRunner" time="12.213" errors="0" timestamp="2021-06-02T16:36:10 TRT" skipped="0">
  <testcase classname="Runner.LoginTestRunner" name="runScenario" time="5.962"/>
  <system-out/>
  <testcase classname="Runner.LoginTestRunner" name="runScenario" time="6.251"/>
  <system-out/>
</testsuite> <!-- Runner.LoginTestRunner -->
