<?xml version="1.0" encoding="UTF-8"?>
<!-- Generated by org.testng.reporters.JUnitReportReporter -->
<testsuite hostname="ecenurerengezgin_nb" failures="0" tests="1" name="Runner.SignUpTestRunner" time="12.880" errors="0" timestamp="2021-06-02T16:36:10 TRT" skipped="0">
  <testcase classname="Runner.SignUpTestRunner" name="runScenario" time="12.880"/>
  <system-out/>
</testsuite> <!-- Runner.SignUpTestRunner -->
